<?xml version="1.0" encoding="UTF-8"?>
<testng-results skipped="0" failed="0" ignored="0" total="1" passed="1">
  <reporter-output>
  </reporter-output>
  <suite name="Default suite" duration-ms="1401" started-at="2018-05-29T07:24:56Z" finished-at="2018-05-29T07:24:57Z">
    <groups>
    </groups>
    <test name="Default test" duration-ms="1401" started-at="2018-05-29T07:24:56Z" finished-at="2018-05-29T07:24:57Z">
      <class name="com.qa.test.GetAPITest">
        <test-method status="PASS" signature="setUp()[pri:0, instance:com.qa.test.GetAPITest@548a9f61]" name="setUp" is-config="true" duration-ms="15" started-at="2018-05-29T12:54:56Z" finished-at="2018-05-29T12:54:56Z">
          <reporter-output>
          </reporter-output>
        </test-method> <!-- setUp -->
        <test-method status="PASS" signature="getAPITest()[pri:0, instance:com.qa.test.GetAPITest@548a9f61]" name="getAPITest" duration-ms="1370" started-at="2018-05-29T12:54:56Z" finished-at="2018-05-29T12:54:57Z">
          <reporter-output>
          </reporter-output>
        </test-method> <!-- getAPITest -->
      </class> <!-- com.qa.test.GetAPITest -->
    </test> <!-- Default test -->
  </suite> <!-- Default suite -->
</testng-results>
